#
# There is insufficient memory for the Java Runtime Environment to continue.
# Native memory allocation (malloc) failed to allocate 2297696 bytes for Chunk::new
# Possible reasons:
#   The system is out of physical RAM or swap space
#   The process is running with CompressedOops enabled, and the Java Heap may be blocking the growth of the native heap
# Possible solutions:
#   Reduce memory load on the system
#   Increase physical memory or swap space
#   Check if swap backing store is full
#   Decrease Java heap size (-Xmx/-Xms)
#   Decrease number of Java threads
#   Decrease Java thread stack sizes (-Xss)
#   Set larger code cache with -XX:ReservedCodeCacheSize=
#   JVM is running with Unscaled Compressed Oops mode in which the Java heap is
#     placed in the first 4GB address space. The Java Heap base address is the
#     maximum limit for the native heap growth. Please use -XX:HeapBaseMinAddress
#     to set the Java Heap base and to place the Java Heap above 4GB virtual address.
# This output file may be truncated or incomplete.
#
#  Out of Memory Error (arena.cpp:168), pid=14632, tid=4036
#
# JRE version: Java(TM) SE Runtime Environment (21.0.6+8) (build 21.0.6+8-LTS-188)
# Java VM: Java HotSpot(TM) 64-Bit Server VM (21.0.6+8-LTS-188, mixed mode, sharing, tiered, compressed oops, compressed class ptrs, g1 gc, windows-amd64)
# No core dump will be written. Minidumps are not enabled by default on client versions of Windows
#

---------------  S U M M A R Y ------------

Command Line: -javaagent:C:\Program Files\JetBrains\IntelliJ IDEA Community Edition 2024.3.3\lib\idea_rt.jar=50555:C:\Program Files\JetBrains\IntelliJ IDEA Community Edition 2024.3.3\bin -Dfile.encoding=UTF-8 -Dsun.stdout.encoding=UTF-8 -Dsun.stderr.encoding=UTF-8 com.minhnghia.datn.BookstoreTamAn.BookstoreTamAnApplication

Host: AMD Ryzen 7 5700U with Radeon Graphics         , 16 cores, 7G,  Windows 11 , 64 bit Build 22621 (10.0.22621.5124)
Time: Sat Apr 26 11:09:47 2025 SE Asia Standard Time elapsed time: 6693.024447 seconds (0d 1h 51m 33s)

---------------  T H R E A D  ---------------

Current thread (0x00000202e51ab570):  JavaThread "C2 CompilerThread0" daemon [_thread_in_native, id=4036, stack(0x0000004921b00000,0x0000004921c00000) (1024K)]


Current CompileTask:
C2:6693024 15134   !   4       org.hibernate.sql.results.spi.ListResultsConsumer::consume (666 bytes)

Stack: [0x0000004921b00000,0x0000004921c00000]
Native frames: (J=compiled Java code, j=interpreted, Vv=VM code, C=native code)
V  [jvm.dll+0x6ca6d9]
V  [jvm.dll+0x854f51]
V  [jvm.dll+0x85747e]
V  [jvm.dll+0x857b53]
V  [jvm.dll+0x27dcc6]
V  [jvm.dll+0xc4c2d]
V  [jvm.dll+0xc5163]
V  [jvm.dll+0x3b515c]
V  [jvm.dll+0x381855]
V  [jvm.dll+0x380cca]
V  [jvm.dll+0x246920]
V  [jvm.dll+0x245eff]
V  [jvm.dll+0x1c6d2e]
V  [jvm.dll+0x2554f9]
V  [jvm.dll+0x253a8a]
V  [jvm.dll+0x3ee576]
V  [jvm.dll+0x7ff2fb]
V  [jvm.dll+0x6c8dbd]
C  [ucrtbase.dll+0x29333]
C  [KERNEL32.DLL+0x1259d]
C  [ntdll.dll+0x5af38]


---------------  P R O C E S S  ---------------

Threads class SMR info:
_java_thread_list=0x00000202ecd2df50, length=32, elements={
0x00000202e519c430, 0x00000202e519d350, 0x00000202e519ff20, 0x00000202e51a1210,
0x00000202e51a1c60, 0x00000202e51aa6c0, 0x00000202e51ab570, 0x00000202e51ac950,
0x00000202e517af10, 0x00000202e589a000, 0x00000202e589a660, 0x00000202e5c9de50,
0x00000202e5c9ff20, 0x00000202e5ca12d0, 0x00000202e5c9eb70, 0x00000202e5c9f890,
0x00000202eae37470, 0x00000202eae360c0, 0x00000202eae38190, 0x00000202eae332d0,
0x00000202eae38820, 0x00000202eae34d10, 0x00000202eae31890, 0x00000202eae38eb0,
0x00000202eae353a0, 0x00000202eae31f20, 0x00000202eae36750, 0x00000202eae36de0,
0x00000202eae325b0, 0x00000202eae37b00, 0x00000202eae32c40, 0x00000202e53fd7c0
}

Java Threads: ( => current thread )
  0x00000202e519c430 JavaThread "Reference Handler"          daemon [_thread_blocked, id=2020, stack(0x0000004921500000,0x0000004921600000) (1024K)]
  0x00000202e519d350 JavaThread "Finalizer"                  daemon [_thread_blocked, id=2960, stack(0x0000004921600000,0x0000004921700000) (1024K)]
  0x00000202e519ff20 JavaThread "Signal Dispatcher"          daemon [_thread_blocked, id=2636, stack(0x0000004921700000,0x0000004921800000) (1024K)]
  0x00000202e51a1210 JavaThread "Attach Listener"            daemon [_thread_blocked, id=2964, stack(0x0000004921800000,0x0000004921900000) (1024K)]
  0x00000202e51a1c60 JavaThread "Service Thread"             daemon [_thread_blocked, id=8056, stack(0x0000004921900000,0x0000004921a00000) (1024K)]
  0x00000202e51aa6c0 JavaThread "Monitor Deflation Thread"   daemon [_thread_blocked, id=6892, stack(0x0000004921a00000,0x0000004921b00000) (1024K)]
=>0x00000202e51ab570 JavaThread "C2 CompilerThread0"         daemon [_thread_in_native, id=4036, stack(0x0000004921b00000,0x0000004921c00000) (1024K)]
  0x00000202e51ac950 JavaThread "C1 CompilerThread0"         daemon [_thread_blocked, id=7620, stack(0x0000004921c00000,0x0000004921d00000) (1024K)]
  0x00000202e517af10 JavaThread "Common-Cleaner"             daemon [_thread_blocked, id=6808, stack(0x0000004921d00000,0x0000004921e00000) (1024K)]
  0x00000202e589a000 JavaThread "Monitor Ctrl-Break"         daemon [_thread_in_native, id=7396, stack(0x0000004921f00000,0x0000004922000000) (1024K)]
  0x00000202e589a660 JavaThread "Notification Thread"        daemon [_thread_blocked, id=7068, stack(0x0000004922000000,0x0000004922100000) (1024K)]
  0x00000202e5c9de50 JavaThread "Catalina-utility-1"                [_thread_blocked, id=16560, stack(0x0000004922800000,0x0000004922900000) (1024K)]
  0x00000202e5c9ff20 JavaThread "Catalina-utility-2"                [_thread_blocked, id=9376, stack(0x0000004923200000,0x0000004923300000) (1024K)]
  0x00000202e5ca12d0 JavaThread "container-0"                       [_thread_blocked, id=10900, stack(0x0000004923300000,0x0000004923400000) (1024K)]
  0x00000202e5c9eb70 JavaThread "mysql-cj-abandoned-connection-cleanup" daemon [_thread_blocked, id=10236, stack(0x0000004923400000,0x0000004923500000) (1024K)]
  0x00000202e5c9f890 JavaThread "HikariPool-1 housekeeper"   daemon [_thread_blocked, id=7768, stack(0x0000004923600000,0x0000004923700000) (1024K)]
  0x00000202eae37470 JavaThread "File Watcher"               daemon [_thread_blocked, id=17288, stack(0x0000004923800000,0x0000004923900000) (1024K)]
  0x00000202eae360c0 JavaThread "Live Reload Server"         daemon [_thread_in_native, id=15508, stack(0x0000004923a00000,0x0000004923b00000) (1024K)]
  0x00000202eae38190 JavaThread "http-nio-8080-exec-1"       daemon [_thread_blocked, id=7452, stack(0x0000004923700000,0x0000004923800000) (1024K)]
  0x00000202eae332d0 JavaThread "http-nio-8080-exec-2"       daemon [_thread_blocked, id=17564, stack(0x0000004923900000,0x0000004923a00000) (1024K)]
  0x00000202eae38820 JavaThread "http-nio-8080-exec-3"       daemon [_thread_blocked, id=7416, stack(0x0000004923b00000,0x0000004923c00000) (1024K)]
  0x00000202eae34d10 JavaThread "http-nio-8080-exec-4"       daemon [_thread_blocked, id=10640, stack(0x0000004923c00000,0x0000004923d00000) (1024K)]
  0x00000202eae31890 JavaThread "http-nio-8080-exec-5"       daemon [_thread_blocked, id=9192, stack(0x0000004923d00000,0x0000004923e00000) (1024K)]
  0x00000202eae38eb0 JavaThread "http-nio-8080-exec-6"       daemon [_thread_blocked, id=17572, stack(0x0000004923e00000,0x0000004923f00000) (1024K)]
  0x00000202eae353a0 JavaThread "http-nio-8080-exec-7"       daemon [_thread_blocked, id=17608, stack(0x0000004923f00000,0x0000004924000000) (1024K)]
  0x00000202eae31f20 JavaThread "http-nio-8080-exec-8"       daemon [_thread_blocked, id=4620, stack(0x0000004924000000,0x0000004924100000) (1024K)]
  0x00000202eae36750 JavaThread "http-nio-8080-exec-9"       daemon [_thread_blocked, id=8160, stack(0x0000004924100000,0x0000004924200000) (1024K)]
  0x00000202eae36de0 JavaThread "http-nio-8080-exec-10"      daemon [_thread_blocked, id=5236, stack(0x0000004924200000,0x0000004924300000) (1024K)]
  0x00000202eae325b0 JavaThread "http-nio-8080-Poller"       daemon [_thread_in_native, id=10268, stack(0x0000004924300000,0x0000004924400000) (1024K)]
  0x00000202eae37b00 JavaThread "http-nio-8080-Acceptor"     daemon [_thread_in_native, id=18176, stack(0x0000004924400000,0x0000004924500000) (1024K)]
  0x00000202eae32c40 JavaThread "DestroyJavaVM"                     [_thread_blocked, id=3492, stack(0x0000004920d00000,0x0000004920e00000) (1024K)]
  0x00000202e53fd7c0 JavaThread "C1 CompilerThread1"         daemon [_thread_blocked, id=18420, stack(0x0000004920a00000,0x0000004920b00000) (1024K)]
Total: 32

Other Threads:
  0x00000202e518a170 VMThread "VM Thread"                           [id=2012, stack(0x0000004921400000,0x0000004921500000) (1024K)]
  0x00000202e5179cb0 WatcherThread "VM Periodic Task Thread"        [id=1940, stack(0x0000004921300000,0x0000004921400000) (1024K)]
  0x00000202c6045830 WorkerThread "GC Thread#0"                     [id=5848, stack(0x0000004920e00000,0x0000004920f00000) (1024K)]
  0x00000202e5c178e0 WorkerThread "GC Thread#1"                     [id=12860, stack(0x0000004922300000,0x0000004922400000) (1024K)]
  0x00000202e5c18090 WorkerThread "GC Thread#2"                     [id=7344, stack(0x0000004922400000,0x0000004922500000) (1024K)]
  0x00000202e5c0be10 WorkerThread "GC Thread#3"                     [id=8824, stack(0x0000004922500000,0x0000004922600000) (1024K)]
  0x00000202e5c0cbd0 WorkerThread "GC Thread#4"                     [id=6692, stack(0x0000004922600000,0x0000004922700000) (1024K)]
  0x00000202e5c0cf70 WorkerThread "GC Thread#5"                     [id=6880, stack(0x0000004922700000,0x0000004922800000) (1024K)]
  0x00000202ea6a94d0 WorkerThread "GC Thread#6"                     [id=13420, stack(0x0000004922900000,0x0000004922a00000) (1024K)]
  0x00000202ea542a60 WorkerThread "GC Thread#7"                     [id=6248, stack(0x0000004922a00000,0x0000004922b00000) (1024K)]
  0x00000202ea5c33b0 WorkerThread "GC Thread#8"                     [id=17392, stack(0x0000004922b00000,0x0000004922c00000) (1024K)]
  0x00000202ea854f40 WorkerThread "GC Thread#9"                     [id=1244, stack(0x0000004922c00000,0x0000004922d00000) (1024K)]
  0x00000202ea855a20 WorkerThread "GC Thread#10"                    [id=7964, stack(0x0000004922d00000,0x0000004922e00000) (1024K)]
  0x00000202ea8552e0 WorkerThread "GC Thread#11"                    [id=16776, stack(0x0000004922e00000,0x0000004922f00000) (1024K)]
  0x00000202ea856160 WorkerThread "GC Thread#12"                    [id=7008, stack(0x0000004922f00000,0x0000004923000000) (1024K)]
  0x00000202c6056bb0 ConcurrentGCThread "G1 Main Marker"            [id=6084, stack(0x0000004920f00000,0x0000004921000000) (1024K)]
  0x00000202c6057760 WorkerThread "G1 Conc#0"                       [id=10444, stack(0x0000004921000000,0x0000004921100000) (1024K)]
  0x00000202ea855680 WorkerThread "G1 Conc#1"                       [id=16140, stack(0x0000004923000000,0x0000004923100000) (1024K)]
  0x00000202ea854800 WorkerThread "G1 Conc#2"                       [id=10104, stack(0x0000004923100000,0x0000004923200000) (1024K)]
  0x00000202e504b1e0 ConcurrentGCThread "G1 Refine#0"               [id=9964, stack(0x0000004921100000,0x0000004921200000) (1024K)]
  0x00000202e504ba00 ConcurrentGCThread "G1 Service"                [id=17612, stack(0x0000004921200000,0x0000004921300000) (1024K)]
Total: 21

Threads with active compile tasks:
C2 CompilerThread0  6693074 15134   !   4       org.hibernate.sql.results.spi.ListResultsConsumer::consume (666 bytes)
Total: 1

VM state: not at safepoint (normal execution)

VM Mutex/Monitor currently owned by a thread: None

Heap address: 0x0000000089c00000, size: 1892 MB, Compressed Oops mode: 32-bit

CDS archive(s) mapped at: [0x0000020280000000-0x0000020280c90000-0x0000020280c90000), size 13172736, SharedBaseAddress: 0x0000020280000000, ArchiveRelocationMode: 1.
Compressed class space mapped at: 0x0000020281000000-0x00000202c1000000, reserved size: 1073741824
Narrow klass base: 0x0000020280000000, Narrow klass shift: 0, Narrow klass range: 0x100000000

GC Precious Log:
 CardTable entry size: 512
 Card Set container configuration: InlinePtr #cards 5 size 8 Array Of Cards #cards 12 size 40 Howl #buckets 4 coarsen threshold 1843 Howl Bitmap #cards 512 size 80 coarsen threshold 460 Card regions per heap region 1 cards per card region 2048
 CPUs: 16 total, 16 available
 Memory: 7563M
 Large Page Support: Disabled
 NUMA Support: Disabled
 Compressed Oops: Enabled (32-bit)
 Heap Region Size: 1M
 Heap Min Capacity: 8M
 Heap Initial Capacity: 120M
 Heap Max Capacity: 1892M
 Pre-touch: Disabled
 Parallel Workers: 13
 Concurrent Workers: 3
 Concurrent Refinement Workers: 13
 Periodic GC: Disabled

Heap:
 garbage-first heap   total 109568K, used 83909K [0x0000000089c00000, 0x0000000100000000)
  region size 1024K, 46 young (47104K), 1 survivors (1024K)
 Metaspace       used 91608K, committed 92480K, reserved 1179648K
  class space    used 12032K, committed 12544K, reserved 1048576K

Heap Regions: E=young(eden), S=young(survivor), O=old, HS=humongous(starts), HC=humongous(continues), CS=collection set, F=free, TAMS=top-at-mark-start, PB=parsable bottom
|   0|0x0000000089c00000, 0x0000000089d00000, 0x0000000089d00000|100%|HS|  |TAMS 0x0000000089c00000| PB 0x0000000089c00000| Complete 
|   1|0x0000000089d00000, 0x0000000089e00000, 0x0000000089e00000|100%|HS|  |TAMS 0x0000000089d00000| PB 0x0000000089d00000| Complete 
|   2|0x0000000089e00000, 0x0000000089f00000, 0x0000000089f00000|100%| O|  |TAMS 0x0000000089e00000| PB 0x0000000089e00000| Untracked 
|   3|0x0000000089f00000, 0x000000008a000000, 0x000000008a000000|100%| O|  |TAMS 0x0000000089f00000| PB 0x0000000089f00000| Untracked 
|   4|0x000000008a000000, 0x000000008a100000, 0x000000008a100000|100%| O|  |TAMS 0x000000008a000000| PB 0x000000008a000000| Untracked 
|   5|0x000000008a100000, 0x000000008a200000, 0x000000008a200000|100%| O|  |TAMS 0x000000008a100000| PB 0x000000008a100000| Untracked 
|   6|0x000000008a200000, 0x000000008a300000, 0x000000008a300000|100%| O|  |TAMS 0x000000008a200000| PB 0x000000008a200000| Untracked 
|   7|0x000000008a300000, 0x000000008a400000, 0x000000008a400000|100%| O|  |TAMS 0x000000008a300000| PB 0x000000008a300000| Untracked 
|   8|0x000000008a400000, 0x000000008a500000, 0x000000008a500000|100%| O|  |TAMS 0x000000008a400000| PB 0x000000008a400000| Untracked 
|   9|0x000000008a500000, 0x000000008a600000, 0x000000008a600000|100%| O|  |TAMS 0x000000008a500000| PB 0x000000008a500000| Untracked 
|  10|0x000000008a600000, 0x000000008a700000, 0x000000008a700000|100%| O|  |TAMS 0x000000008a600000| PB 0x000000008a600000| Untracked 
|  11|0x000000008a700000, 0x000000008a800000, 0x000000008a800000|100%| O|  |TAMS 0x000000008a700000| PB 0x000000008a700000| Untracked 
|  12|0x000000008a800000, 0x000000008a876140, 0x000000008a900000| 46%| O|  |TAMS 0x000000008a800000| PB 0x000000008a800000| Untracked 
|  13|0x000000008a900000, 0x000000008aa00000, 0x000000008aa00000|100%| O|  |TAMS 0x000000008a900000| PB 0x000000008a900000| Untracked 
|  14|0x000000008aa00000, 0x000000008ab00000, 0x000000008ab00000|100%| O|  |TAMS 0x000000008aa00000| PB 0x000000008aa00000| Untracked 
|  15|0x000000008ab00000, 0x000000008ac00000, 0x000000008ac00000|100%| O|  |TAMS 0x000000008ab00000| PB 0x000000008ab00000| Untracked 
|  16|0x000000008ac00000, 0x000000008ad00000, 0x000000008ad00000|100%| O|  |TAMS 0x000000008ac00000| PB 0x000000008ac00000| Untracked 
|  17|0x000000008ad00000, 0x000000008ae00000, 0x000000008ae00000|100%| O|  |TAMS 0x000000008ad00000| PB 0x000000008ad00000| Untracked 
|  18|0x000000008ae00000, 0x000000008af00000, 0x000000008af00000|100%| O|  |TAMS 0x000000008ae00000| PB 0x000000008ae00000| Untracked 
|  19|0x000000008af00000, 0x000000008b000000, 0x000000008b000000|100%| O|  |TAMS 0x000000008af00000| PB 0x000000008af00000| Untracked 
|  20|0x000000008b000000, 0x000000008b100000, 0x000000008b100000|100%| O|Cm|TAMS 0x000000008b000000| PB 0x000000008b000000| Complete 
|  21|0x000000008b100000, 0x000000008b200000, 0x000000008b200000|100%| O|  |TAMS 0x000000008b100000| PB 0x000000008b100000| Untracked 
|  22|0x000000008b200000, 0x000000008b300000, 0x000000008b300000|100%| O|  |TAMS 0x000000008b200000| PB 0x000000008b200000| Untracked 
|  23|0x000000008b300000, 0x000000008b300000, 0x000000008b400000|  0%| F|  |TAMS 0x000000008b300000| PB 0x000000008b300000| Untracked 
|  24|0x000000008b400000, 0x000000008b500000, 0x000000008b500000|100%| O|  |TAMS 0x000000008b400000| PB 0x000000008b400000| Untracked 
|  25|0x000000008b500000, 0x000000008b600000, 0x000000008b600000|100%| O|  |TAMS 0x000000008b500000| PB 0x000000008b500000| Untracked 
|  26|0x000000008b600000, 0x000000008b700000, 0x000000008b700000|100%| O|  |TAMS 0x000000008b600000| PB 0x000000008b600000| Untracked 
|  27|0x000000008b700000, 0x000000008b800000, 0x000000008b800000|100%| O|  |TAMS 0x000000008b700000| PB 0x000000008b700000| Untracked 
|  28|0x000000008b800000, 0x000000008b800000, 0x000000008b900000|  0%| F|  |TAMS 0x000000008b800000| PB 0x000000008b800000| Untracked 
|  29|0x000000008b900000, 0x000000008ba00000, 0x000000008ba00000|100%| O|  |TAMS 0x000000008b900000| PB 0x000000008b900000| Untracked 
|  30|0x000000008ba00000, 0x000000008bb00000, 0x000000008bb00000|100%| O|  |TAMS 0x000000008ba00000| PB 0x000000008ba00000| Untracked 
|  31|0x000000008bb00000, 0x000000008bc00000, 0x000000008bc00000|100%| O|  |TAMS 0x000000008bb00000| PB 0x000000008bb00000| Untracked 
|  32|0x000000008bc00000, 0x000000008bc00000, 0x000000008bd00000|  0%| F|  |TAMS 0x000000008bc00000| PB 0x000000008bc00000| Untracked 
|  33|0x000000008bd00000, 0x000000008be00000, 0x000000008be00000|100%| O|  |TAMS 0x000000008bd00000| PB 0x000000008bd00000| Untracked 
|  34|0x000000008be00000, 0x000000008be00000, 0x000000008bf00000|  0%| F|  |TAMS 0x000000008be00000| PB 0x000000008be00000| Untracked 
|  35|0x000000008bf00000, 0x000000008c000000, 0x000000008c000000|100%| O|  |TAMS 0x000000008bf00000| PB 0x000000008bf00000| Untracked 
|  36|0x000000008c000000, 0x000000008c000000, 0x000000008c100000|  0%| F|  |TAMS 0x000000008c000000| PB 0x000000008c000000| Untracked 
|  37|0x000000008c100000, 0x000000008c100000, 0x000000008c200000|  0%| F|  |TAMS 0x000000008c100000| PB 0x000000008c100000| Untracked 
|  38|0x000000008c200000, 0x000000008c300000, 0x000000008c300000|100%| O|Cm|TAMS 0x000000008c200000| PB 0x000000008c200000| Complete 
|  39|0x000000008c300000, 0x000000008c37b508, 0x000000008c400000| 48%| S|CS|TAMS 0x000000008c300000| PB 0x000000008c300000| Complete 
|  40|0x000000008c400000, 0x000000008c400000, 0x000000008c500000|  0%| F|  |TAMS 0x000000008c400000| PB 0x000000008c400000| Untracked 
|  41|0x000000008c500000, 0x000000008c500000, 0x000000008c600000|  0%| F|  |TAMS 0x000000008c500000| PB 0x000000008c500000| Untracked 
|  42|0x000000008c600000, 0x000000008c600000, 0x000000008c700000|  0%| F|  |TAMS 0x000000008c600000| PB 0x000000008c600000| Untracked 
|  43|0x000000008c700000, 0x000000008c700000, 0x000000008c800000|  0%| F|  |TAMS 0x000000008c700000| PB 0x000000008c700000| Untracked 
|  44|0x000000008c800000, 0x000000008c900000, 0x000000008c900000|100%| O|  |TAMS 0x000000008c800000| PB 0x000000008c800000| Untracked 
|  45|0x000000008c900000, 0x000000008ca00000, 0x000000008ca00000|100%| O|  |TAMS 0x000000008c900000| PB 0x000000008c900000| Untracked 
|  46|0x000000008ca00000, 0x000000008ca00000, 0x000000008cb00000|  0%| F|  |TAMS 0x000000008ca00000| PB 0x000000008ca00000| Untracked 
|  47|0x000000008cb00000, 0x000000008cb00000, 0x000000008cc00000|  0%| F|  |TAMS 0x000000008cb00000| PB 0x000000008cb00000| Untracked 
|  48|0x000000008cc00000, 0x000000008cc00000, 0x000000008cd00000|  0%| F|  |TAMS 0x000000008cc00000| PB 0x000000008cc00000| Untracked 
|  49|0x000000008cd00000, 0x000000008cd00000, 0x000000008ce00000|  0%| F|  |TAMS 0x000000008cd00000| PB 0x000000008cd00000| Untracked 
|  50|0x000000008ce00000, 0x000000008ce00000, 0x000000008cf00000|  0%| F|  |TAMS 0x000000008ce00000| PB 0x000000008ce00000| Untracked 
|  51|0x000000008cf00000, 0x000000008cf00000, 0x000000008d000000|  0%| F|  |TAMS 0x000000008cf00000| PB 0x000000008cf00000| Untracked 
|  52|0x000000008d000000, 0x000000008d000000, 0x000000008d100000|  0%| F|  |TAMS 0x000000008d000000| PB 0x000000008d000000| Untracked 
|  53|0x000000008d100000, 0x000000008d100000, 0x000000008d200000|  0%| F|  |TAMS 0x000000008d100000| PB 0x000000008d100000| Untracked 
|  54|0x000000008d200000, 0x000000008d200000, 0x000000008d300000|  0%| F|  |TAMS 0x000000008d200000| PB 0x000000008d200000| Untracked 
|  55|0x000000008d300000, 0x000000008d300000, 0x000000008d400000|  0%| F|  |TAMS 0x000000008d300000| PB 0x000000008d300000| Untracked 
|  56|0x000000008d400000, 0x000000008d400000, 0x000000008d500000|  0%| F|  |TAMS 0x000000008d400000| PB 0x000000008d400000| Untracked 
|  57|0x000000008d500000, 0x000000008d500000, 0x000000008d600000|  0%| F|  |TAMS 0x000000008d500000| PB 0x000000008d500000| Untracked 
|  58|0x000000008d600000, 0x000000008d600000, 0x000000008d700000|  0%| F|  |TAMS 0x000000008d600000| PB 0x000000008d600000| Untracked 
|  59|0x000000008d700000, 0x000000008d7d8c08, 0x000000008d800000| 84%| E|  |TAMS 0x000000008d700000| PB 0x000000008d700000| Complete 
|  60|0x000000008d800000, 0x000000008d900000, 0x000000008d900000|100%| E|CS|TAMS 0x000000008d800000| PB 0x000000008d800000| Complete 
|  61|0x000000008d900000, 0x000000008da00000, 0x000000008da00000|100%| E|CS|TAMS 0x000000008d900000| PB 0x000000008d900000| Complete 
|  62|0x000000008da00000, 0x000000008db00000, 0x000000008db00000|100%| E|CS|TAMS 0x000000008da00000| PB 0x000000008da00000| Complete 
|  63|0x000000008db00000, 0x000000008dc00000, 0x000000008dc00000|100%| E|CS|TAMS 0x000000008db00000| PB 0x000000008db00000| Complete 
|  64|0x000000008dc00000, 0x000000008dd00000, 0x000000008dd00000|100%| E|CS|TAMS 0x000000008dc00000| PB 0x000000008dc00000| Complete 
|  65|0x000000008dd00000, 0x000000008de00000, 0x000000008de00000|100%| E|CS|TAMS 0x000000008dd00000| PB 0x000000008dd00000| Complete 
|  66|0x000000008de00000, 0x000000008df00000, 0x000000008df00000|100%| E|CS|TAMS 0x000000008de00000| PB 0x000000008de00000| Complete 
|  67|0x000000008df00000, 0x000000008e000000, 0x000000008e000000|100%| E|CS|TAMS 0x000000008df00000| PB 0x000000008df00000| Complete 
|  68|0x000000008e000000, 0x000000008e100000, 0x000000008e100000|100%| E|CS|TAMS 0x000000008e000000| PB 0x000000008e000000| Complete 
|  69|0x000000008e100000, 0x000000008e200000, 0x000000008e200000|100%| E|CS|TAMS 0x000000008e100000| PB 0x000000008e100000| Complete 
|  70|0x000000008e200000, 0x000000008e300000, 0x000000008e300000|100%| E|CS|TAMS 0x000000008e200000| PB 0x000000008e200000| Complete 
|  71|0x000000008e300000, 0x000000008e400000, 0x000000008e400000|100%| E|CS|TAMS 0x000000008e300000| PB 0x000000008e300000| Complete 
|  72|0x000000008e400000, 0x000000008e500000, 0x000000008e500000|100%| E|CS|TAMS 0x000000008e400000| PB 0x000000008e400000| Complete 
|  73|0x000000008e500000, 0x000000008e600000, 0x000000008e600000|100%| E|CS|TAMS 0x000000008e500000| PB 0x000000008e500000| Complete 
|  74|0x000000008e600000, 0x000000008e700000, 0x000000008e700000|100%| E|CS|TAMS 0x000000008e600000| PB 0x000000008e600000| Complete 
|  75|0x000000008e700000, 0x000000008e800000, 0x000000008e800000|100%| E|CS|TAMS 0x000000008e700000| PB 0x000000008e700000| Complete 
|  76|0x000000008e800000, 0x000000008e900000, 0x000000008e900000|100%| E|CS|TAMS 0x000000008e800000| PB 0x000000008e800000| Complete 
|  77|0x000000008e900000, 0x000000008ea00000, 0x000000008ea00000|100%| E|CS|TAMS 0x000000008e900000| PB 0x000000008e900000| Complete 
|  78|0x000000008ea00000, 0x000000008eb00000, 0x000000008eb00000|100%| E|CS|TAMS 0x000000008ea00000| PB 0x000000008ea00000| Complete 
|  79|0x000000008eb00000, 0x000000008ec00000, 0x000000008ec00000|100%| E|CS|TAMS 0x000000008eb00000| PB 0x000000008eb00000| Complete 
|  80|0x000000008ec00000, 0x000000008ed00000, 0x000000008ed00000|100%| E|CS|TAMS 0x000000008ec00000| PB 0x000000008ec00000| Complete 
|  81|0x000000008ed00000, 0x000000008ee00000, 0x000000008ee00000|100%| E|CS|TAMS 0x000000008ed00000| PB 0x000000008ed00000| Complete 
|  82|0x000000008ee00000, 0x000000008ef00000, 0x000000008ef00000|100%| E|CS|TAMS 0x000000008ee00000| PB 0x000000008ee00000| Complete 
|  83|0x000000008ef00000, 0x000000008f000000, 0x000000008f000000|100%| E|CS|TAMS 0x000000008ef00000| PB 0x000000008ef00000| Complete 
|  84|0x000000008f000000, 0x000000008f100000, 0x000000008f100000|100%| E|CS|TAMS 0x000000008f000000| PB 0x000000008f000000| Complete 
|  85|0x000000008f100000, 0x000000008f200000, 0x000000008f200000|100%| E|CS|TAMS 0x000000008f100000| PB 0x000000008f100000| Complete 
|  86|0x000000008f200000, 0x000000008f300000, 0x000000008f300000|100%| E|CS|TAMS 0x000000008f200000| PB 0x000000008f200000| Complete 
|  87|0x000000008f300000, 0x000000008f400000, 0x000000008f400000|100%| E|CS|TAMS 0x000000008f300000| PB 0x000000008f300000| Complete 
|  88|0x000000008f400000, 0x000000008f500000, 0x000000008f500000|100%| E|CS|TAMS 0x000000008f400000| PB 0x000000008f400000| Complete 
|  89|0x000000008f500000, 0x000000008f600000, 0x000000008f600000|100%| E|CS|TAMS 0x000000008f500000| PB 0x000000008f500000| Complete 
|  90|0x000000008f600000, 0x000000008f700000, 0x000000008f700000|100%| E|CS|TAMS 0x000000008f600000| PB 0x000000008f600000| Complete 
|  91|0x000000008f700000, 0x000000008f800000, 0x000000008f800000|100%| E|CS|TAMS 0x000000008f700000| PB 0x000000008f700000| Complete 
|  92|0x000000008f800000, 0x000000008f900000, 0x000000008f900000|100%| E|CS|TAMS 0x000000008f800000| PB 0x000000008f800000| Complete 
|  93|0x000000008f900000, 0x000000008fa00000, 0x000000008fa00000|100%| E|CS|TAMS 0x000000008f900000| PB 0x000000008f900000| Complete 
|  94|0x000000008fa00000, 0x000000008fb00000, 0x000000008fb00000|100%| E|CS|TAMS 0x000000008fa00000| PB 0x000000008fa00000| Complete 
|  95|0x000000008fb00000, 0x000000008fc00000, 0x000000008fc00000|100%| E|CS|TAMS 0x000000008fb00000| PB 0x000000008fb00000| Complete 
|  96|0x000000008fc00000, 0x000000008fd00000, 0x000000008fd00000|100%| E|CS|TAMS 0x000000008fc00000| PB 0x000000008fc00000| Complete 
|  97|0x000000008fd00000, 0x000000008fe00000, 0x000000008fe00000|100%| E|CS|TAMS 0x000000008fd00000| PB 0x000000008fd00000| Complete 
|  98|0x000000008fe00000, 0x000000008ff00000, 0x000000008ff00000|100%| E|CS|TAMS 0x000000008fe00000| PB 0x000000008fe00000| Complete 
|  99|0x000000008ff00000, 0x0000000090000000, 0x0000000090000000|100%| E|CS|TAMS 0x000000008ff00000| PB 0x000000008ff00000| Complete 
| 100|0x0000000090000000, 0x0000000090100000, 0x0000000090100000|100%| E|CS|TAMS 0x0000000090000000| PB 0x0000000090000000| Complete 
| 101|0x0000000090100000, 0x0000000090200000, 0x0000000090200000|100%| E|CS|TAMS 0x0000000090100000| PB 0x0000000090100000| Complete 
| 102|0x0000000090200000, 0x0000000090300000, 0x0000000090300000|100%| E|CS|TAMS 0x0000000090200000| PB 0x0000000090200000| Complete 
| 119|0x0000000091300000, 0x0000000091400000, 0x0000000091400000|100%| E|CS|TAMS 0x0000000091300000| PB 0x0000000091300000| Complete 
|1889|0x00000000ffd00000, 0x00000000ffe00000, 0x00000000ffe00000|100%| O|  |TAMS 0x00000000ffd00000| PB 0x00000000ffd00000| Untracked 
|1890|0x00000000ffe00000, 0x00000000fff00000, 0x00000000fff00000|100%| O|  |TAMS 0x00000000ffe00000| PB 0x00000000ffe00000| Untracked 
|1891|0x00000000fff00000, 0x0000000100000000, 0x0000000100000000|100%| O|  |TAMS 0x00000000fff00000| PB 0x00000000fff00000| Untracked 

Card table byte_map: [0x00000202e0010000,0x00000202e03d0000] _byte_map_base: 0x00000202dfbc2000

Marking Bits: (CMBitMap*) 0x00000202c6045e30
 Bits: [0x00000202e03d0000, 0x00000202e2160000)

Polling page: 0x00000202c60b0000

Metaspace:

Usage:
  Non-class:     77.71 MB used.
      Class:     11.75 MB used.
       Both:     89.46 MB used.

Virtual space:
  Non-class space:      128.00 MB reserved,      78.06 MB ( 61%) committed,  2 nodes.
      Class space:        1.00 GB reserved,      12.25 MB (  1%) committed,  1 nodes.
             Both:        1.12 GB reserved,      90.31 MB (  8%) committed. 

Chunk freelists:
   Non-Class:  1.23 MB
       Class:  3.94 MB
        Both:  5.18 MB

MaxMetaspaceSize: unlimited
CompressedClassSpaceSize: 1.00 GB
Initial GC threshold: 21.00 MB
Current GC threshold: 150.44 MB
CDS: on
 - commit_granule_bytes: 65536.
 - commit_granule_words: 8192.
 - virtual_space_node_default_size: 8388608.
 - enlarge_chunks_in_place: 1.
 - use_allocation_guard: 0.


Internal statistics:

num_allocs_failed_limit: 9.
num_arena_births: 1312.
num_arena_deaths: 396.
num_vsnodes_births: 3.
num_vsnodes_deaths: 0.
num_space_committed: 1445.
num_space_uncommitted: 0.
num_chunks_returned_to_freelist: 468.
num_chunks_taken_from_freelist: 4849.
num_chunk_merges: 118.
num_chunk_splits: 3291.
num_chunks_enlarged: 2515.
num_inconsistent_stats: 0.

CodeHeap 'non-profiled nmethods': size=119168Kb used=5257Kb max_used=5257Kb free=113910Kb
 bounds [0x00000202d7800000, 0x00000202d7d40000, 0x00000202dec60000]
CodeHeap 'profiled nmethods': size=119104Kb used=12822Kb max_used=19631Kb free=106281Kb
 bounds [0x00000202cfc60000, 0x00000202d0f90000, 0x00000202d70b0000]
CodeHeap 'non-nmethods': size=7488Kb used=2332Kb max_used=3504Kb free=5155Kb
 bounds [0x00000202d70b0000, 0x00000202d7430000, 0x00000202d7800000]
 total_blobs=7327 nmethods=6553 adapters=676
 compilation: enabled
              stopped_count=0, restarted_count=0
 full_count=0

Compilation events (20 events):
Event: 6692.494 Thread 0x00000202e53fd7c0 nmethod 15128 0x00000202d05e1010 code [0x00000202d05e11a0, 0x00000202d05e12d8]
Event: 6692.495 Thread 0x00000202e51ac950 nmethod 15129 0x00000202d0ef3d90 code [0x00000202d0ef3fa0, 0x00000202d0ef4a40]
Event: 6692.541 Thread 0x00000202e51ab570 nmethod 15110 0x00000202d7d33490 code [0x00000202d7d337e0, 0x00000202d7d34e20]
Event: 6692.541 Thread 0x00000202e51ab570 15130       4       org.apache.tomcat.util.http.MimeHeaders::getUniqueValue (61 bytes)
Event: 6692.575 Thread 0x00000202e51ab570 nmethod 15130 0x00000202d7bedd90 code [0x00000202d7bedf80, 0x00000202d7bee7d0]
Event: 6692.575 Thread 0x00000202e51ab570 15111       4       org.hibernate.jpa.event.internal.CallbackRegistryImpl::callback (50 bytes)
Event: 6692.576 Thread 0x00000202e51ab570 nmethod 15111 0x00000202d7bf0110 code [0x00000202d7bf02a0, 0x00000202d7bf0348]
Event: 6692.576 Thread 0x00000202e51ab570 15112       4       org.hibernate.event.internal.DefaultPostLoadEventListener::onPostLoad (227 bytes)
Event: 6692.592 Thread 0x00000202e51ab570 nmethod 15112 0x00000202d7ce1610 code [0x00000202d7ce1840, 0x00000202d7ce1f58]
Event: 6692.593 Thread 0x00000202e51ab570 15122       4       org.hibernate.engine.spi.CollectionKey::equals (106 bytes)
Event: 6692.607 Thread 0x00000202e51ab570 nmethod 15122 0x00000202d7c99f90 code [0x00000202d7c9a140, 0x00000202d7c9a498]
Event: 6692.608 Thread 0x00000202e51ab570 15108       4       com.mysql.cj.result.SqlTimestampValueFactory::<init> (47 bytes)
Event: 6692.646 Thread 0x00000202e51ab570 nmethod 15108 0x00000202d7bf8010 code [0x00000202d7bf8240, 0x00000202d7bf8cc0]
Event: 6692.646 Thread 0x00000202e51ab570 15131       4       org.hibernate.event.internal.EmptyEventManager::completeJdbcPreparedStatementCreationEvent (1 bytes)
Event: 6692.646 Thread 0x00000202e51ab570 nmethod 15131 0x00000202d7bf5510 code [0x00000202d7bf56a0, 0x00000202d7bf5728]
Event: 6692.663 Thread 0x00000202e51ab570 15132       4       org.hibernate.engine.internal.SessionEventListenerManagerImpl::jdbcExecuteStatementEnd (42 bytes)
Event: 6692.664 Thread 0x00000202e51ab570 nmethod 15132 0x00000202d7bf7d10 code [0x00000202d7bf7ea0, 0x00000202d7bf7f68]
Event: 6692.675 Thread 0x00000202e51ab570 15133       4       org.hibernate.sql.results.internal.StandardRowReader::<init> (199 bytes)
Event: 6692.696 Thread 0x00000202e51ab570 nmethod 15133 0x00000202d7cb0390 code [0x00000202d7cb05a0, 0x00000202d7cb14a8]
Event: 6692.696 Thread 0x00000202e51ab570 15134   !   4       org.hibernate.sql.results.spi.ListResultsConsumer::consume (666 bytes)

GC Heap History (20 events):
Event: 3599.329 GC heap before
{Heap before GC invocations=39 (full 0):
 garbage-first heap   total 109568K, used 98108K [0x0000000089c00000, 0x0000000100000000)
  region size 1024K, 60 young (61440K), 3 survivors (3072K)
 Metaspace       used 90218K, committed 91072K, reserved 1179648K
  class space    used 12024K, committed 12544K, reserved 1048576K
}
Event: 3599.333 GC heap after
{Heap after GC invocations=40 (full 0):
 garbage-first heap   total 109568K, used 40758K [0x0000000089c00000, 0x0000000100000000)
  region size 1024K, 3 young (3072K), 3 survivors (3072K)
 Metaspace       used 90218K, committed 91072K, reserved 1179648K
  class space    used 12024K, committed 12544K, reserved 1048576K
}
Event: 3898.103 GC heap before
{Heap before GC invocations=40 (full 0):
 garbage-first heap   total 109568K, used 99126K [0x0000000089c00000, 0x0000000100000000)
  region size 1024K, 60 young (61440K), 3 survivors (3072K)
 Metaspace       used 90458K, committed 91328K, reserved 1179648K
  class space    used 12026K, committed 12544K, reserved 1048576K
}
Event: 3898.122 GC heap after
{Heap after GC invocations=41 (full 0):
 garbage-first heap   total 109568K, used 39987K [0x0000000089c00000, 0x0000000100000000)
  region size 1024K, 4 young (4096K), 4 survivors (4096K)
 Metaspace       used 90458K, committed 91328K, reserved 1179648K
  class space    used 12026K, committed 12544K, reserved 1048576K
}
Event: 4261.712 GC heap before
{Heap before GC invocations=41 (full 0):
 garbage-first heap   total 109568K, used 98355K [0x0000000089c00000, 0x0000000100000000)
  region size 1024K, 61 young (62464K), 4 survivors (4096K)
 Metaspace       used 90563K, committed 91392K, reserved 1179648K
  class space    used 12026K, committed 12544K, reserved 1048576K
}
Event: 4261.719 GC heap after
{Heap after GC invocations=42 (full 0):
 garbage-first heap   total 109568K, used 39788K [0x0000000089c00000, 0x0000000100000000)
  region size 1024K, 3 young (3072K), 3 survivors (3072K)
 Metaspace       used 90563K, committed 91392K, reserved 1179648K
  class space    used 12026K, committed 12544K, reserved 1048576K
}
Event: 4619.579 GC heap before
{Heap before GC invocations=43 (full 0):
 garbage-first heap   total 109568K, used 100204K [0x0000000089c00000, 0x0000000100000000)
  region size 1024K, 62 young (63488K), 3 survivors (3072K)
 Metaspace       used 90703K, committed 91520K, reserved 1179648K
  class space    used 12027K, committed 12544K, reserved 1048576K
}
Event: 4619.630 GC heap after
{Heap after GC invocations=44 (full 0):
 garbage-first heap   total 109568K, used 39573K [0x0000000089c00000, 0x0000000100000000)
  region size 1024K, 3 young (3072K), 3 survivors (3072K)
 Metaspace       used 90703K, committed 91520K, reserved 1179648K
  class space    used 12027K, committed 12544K, reserved 1048576K
}
Event: 5080.060 GC heap before
{Heap before GC invocations=44 (full 0):
 garbage-first heap   total 109568K, used 99989K [0x0000000089c00000, 0x0000000100000000)
  region size 1024K, 62 young (63488K), 3 survivors (3072K)
 Metaspace       used 90736K, committed 91584K, reserved 1179648K
  class space    used 12027K, committed 12544K, reserved 1048576K
}
Event: 5080.126 GC heap after
{Heap after GC invocations=45 (full 0):
 garbage-first heap   total 109568K, used 38975K [0x0000000089c00000, 0x0000000100000000)
  region size 1024K, 3 young (3072K), 3 survivors (3072K)
 Metaspace       used 90736K, committed 91584K, reserved 1179648K
  class space    used 12027K, committed 12544K, reserved 1048576K
}
Event: 5502.281 GC heap before
{Heap before GC invocations=45 (full 0):
 garbage-first heap   total 109568K, used 99391K [0x0000000089c00000, 0x0000000100000000)
  region size 1024K, 62 young (63488K), 3 survivors (3072K)
 Metaspace       used 90801K, committed 91648K, reserved 1179648K
  class space    used 12027K, committed 12544K, reserved 1048576K
}
Event: 5502.817 GC heap after
{Heap after GC invocations=46 (full 0):
 garbage-first heap   total 109568K, used 39147K [0x0000000089c00000, 0x0000000100000000)
  region size 1024K, 2 young (2048K), 2 survivors (2048K)
 Metaspace       used 90801K, committed 91648K, reserved 1179648K
  class space    used 12027K, committed 12544K, reserved 1048576K
}
Event: 5527.854 GC heap before
{Heap before GC invocations=47 (full 0):
 garbage-first heap   total 109568K, used 42219K [0x0000000089c00000, 0x0000000100000000)
  region size 1024K, 5 young (5120K), 2 survivors (2048K)
 Metaspace       used 90801K, committed 91648K, reserved 1179648K
  class space    used 12027K, committed 12544K, reserved 1048576K
}
Event: 5527.863 GC heap after
{Heap after GC invocations=48 (full 0):
 garbage-first heap   total 109568K, used 38725K [0x0000000089c00000, 0x0000000100000000)
  region size 1024K, 1 young (1024K), 1 survivors (1024K)
 Metaspace       used 90801K, committed 91648K, reserved 1179648K
  class space    used 12027K, committed 12544K, reserved 1048576K
}
Event: 5830.737 GC heap before
{Heap before GC invocations=48 (full 0):
 garbage-first heap   total 109568K, used 100165K [0x0000000089c00000, 0x0000000100000000)
  region size 1024K, 62 young (63488K), 1 survivors (1024K)
 Metaspace       used 91071K, committed 91904K, reserved 1179648K
  class space    used 12030K, committed 12544K, reserved 1048576K
}
Event: 5830.762 GC heap after
{Heap after GC invocations=49 (full 0):
 garbage-first heap   total 109568K, used 38701K [0x0000000089c00000, 0x0000000100000000)
  region size 1024K, 1 young (1024K), 1 survivors (1024K)
 Metaspace       used 91071K, committed 91904K, reserved 1179648K
  class space    used 12030K, committed 12544K, reserved 1048576K
}
Event: 6133.334 GC heap before
{Heap before GC invocations=49 (full 0):
 garbage-first heap   total 109568K, used 101165K [0x0000000089c00000, 0x0000000100000000)
  region size 1024K, 62 young (63488K), 1 survivors (1024K)
 Metaspace       used 91323K, committed 92160K, reserved 1179648K
  class space    used 12031K, committed 12544K, reserved 1048576K
}
Event: 6133.366 GC heap after
{Heap after GC invocations=50 (full 0):
 garbage-first heap   total 109568K, used 38557K [0x0000000089c00000, 0x0000000100000000)
  region size 1024K, 1 young (1024K), 1 survivors (1024K)
 Metaspace       used 91323K, committed 92160K, reserved 1179648K
  class space    used 12031K, committed 12544K, reserved 1048576K
}
Event: 6354.802 GC heap before
{Heap before GC invocations=50 (full 0):
 garbage-first heap   total 109568K, used 101021K [0x0000000089c00000, 0x0000000100000000)
  region size 1024K, 62 young (63488K), 1 survivors (1024K)
 Metaspace       used 91542K, committed 92416K, reserved 1179648K
  class space    used 12031K, committed 12544K, reserved 1048576K
}
Event: 6354.832 GC heap after
{Heap after GC invocations=51 (full 0):
 garbage-first heap   total 109568K, used 38853K [0x0000000089c00000, 0x0000000100000000)
  region size 1024K, 1 young (1024K), 1 survivors (1024K)
 Metaspace       used 91542K, committed 92416K, reserved 1179648K
  class space    used 12031K, committed 12544K, reserved 1048576K
}

Dll operation events (14 events):
Event: 0.017 Loaded shared library C:\Program Files\Java\jdk-21\bin\java.dll
Event: 0.056 Loaded shared library C:\Program Files\Java\jdk-21\bin\jsvml.dll
Event: 0.123 Loaded shared library C:\Program Files\Java\jdk-21\bin\zip.dll
Event: 0.128 Loaded shared library C:\Program Files\Java\jdk-21\bin\instrument.dll
Event: 0.136 Loaded shared library C:\Program Files\Java\jdk-21\bin\net.dll
Event: 0.138 Loaded shared library C:\Program Files\Java\jdk-21\bin\nio.dll
Event: 0.143 Loaded shared library C:\Program Files\Java\jdk-21\bin\zip.dll
Event: 0.391 Loaded shared library C:\Program Files\JetBrains\IntelliJ IDEA Community Edition 2024.3.3\bin\breakgen64.dll
Event: 0.407 Loaded shared library C:\Program Files\Java\jdk-21\bin\extnet.dll
Event: 0.500 Loaded shared library C:\Program Files\Java\jdk-21\bin\jimage.dll
Event: 1.523 Loaded shared library C:\Program Files\Java\jdk-21\bin\management.dll
Event: 1.536 Loaded shared library C:\Program Files\Java\jdk-21\bin\management_ext.dll
Event: 3.450 Loaded shared library C:\Program Files\Java\jdk-21\bin\sunmscapi.dll
Event: 6.969 Loaded shared library C:\Program Files\Java\jdk-21\bin\verify.dll

Deoptimization events (20 events):
Event: 6336.615 Thread 0x00000202eae36750 Uncommon trap: trap_request=0xffffffd6 fr.pc=0x00000202d7c43c90 relative=0x0000000000000170
Event: 6336.615 Thread 0x00000202eae36750 Uncommon trap: reason=array_check action=maybe_recompile pc=0x00000202d7c43c90 method=com.zaxxer.hikari.util.FastList.add(Ljava/lang/Object;)Z @ 28 c2
Event: 6336.615 Thread 0x00000202eae36750 DEOPT PACKING pc=0x00000202d7c43c90 sp=0x00000049241f8180
Event: 6336.615 Thread 0x00000202eae36750 DEOPT UNPACKING pc=0x00000202d71046a2 sp=0x00000049241f8118 mode 2
Event: 6336.621 Thread 0x00000202eae36750 Uncommon trap: trap_request=0xffffffd6 fr.pc=0x00000202d7c43c90 relative=0x0000000000000170
Event: 6336.621 Thread 0x00000202eae36750 Uncommon trap: reason=array_check action=maybe_recompile pc=0x00000202d7c43c90 method=com.zaxxer.hikari.util.FastList.add(Ljava/lang/Object;)Z @ 28 c2
Event: 6336.621 Thread 0x00000202eae36750 DEOPT PACKING pc=0x00000202d7c43c90 sp=0x00000049241f8180
Event: 6336.621 Thread 0x00000202eae36750 DEOPT UNPACKING pc=0x00000202d71046a2 sp=0x00000049241f8118 mode 2
Event: 6336.624 Thread 0x00000202eae36750 Uncommon trap: trap_request=0xffffff54 fr.pc=0x00000202d7c465b4 relative=0x0000000000000094
Event: 6336.624 Thread 0x00000202eae36750 Uncommon trap: reason=speculate_null_assert action=make_not_entrant pc=0x00000202d7c465b4 method=org.hibernate.internal.util.NullnessHelper.lambda$coalesceSuppliedValues$0(Ljava/lang/Object;)Ljava/lang/Boolean; @ 18 c2
Event: 6336.624 Thread 0x00000202eae36750 DEOPT PACKING pc=0x00000202d7c465b4 sp=0x00000049241f85f0
Event: 6336.624 Thread 0x00000202eae36750 DEOPT UNPACKING pc=0x00000202d71046a2 sp=0x00000049241f8510 mode 2
Event: 6336.624 Thread 0x00000202eae36750 Uncommon trap: trap_request=0xffffffd6 fr.pc=0x00000202d7c43c90 relative=0x0000000000000170
Event: 6336.624 Thread 0x00000202eae36750 Uncommon trap: reason=array_check action=maybe_recompile pc=0x00000202d7c43c90 method=com.zaxxer.hikari.util.FastList.add(Ljava/lang/Object;)Z @ 28 c2
Event: 6336.624 Thread 0x00000202eae36750 DEOPT PACKING pc=0x00000202d7c43c90 sp=0x00000049241f8180
Event: 6336.624 Thread 0x00000202eae36750 DEOPT UNPACKING pc=0x00000202d71046a2 sp=0x00000049241f8118 mode 2
Event: 6336.628 Thread 0x00000202eae36750 Uncommon trap: trap_request=0xffffffd6 fr.pc=0x00000202d7c43c90 relative=0x0000000000000170
Event: 6336.628 Thread 0x00000202eae36750 Uncommon trap: reason=array_check action=maybe_recompile pc=0x00000202d7c43c90 method=com.zaxxer.hikari.util.FastList.add(Ljava/lang/Object;)Z @ 28 c2
Event: 6336.628 Thread 0x00000202eae36750 DEOPT PACKING pc=0x00000202d7c43c90 sp=0x00000049241f8180
Event: 6336.628 Thread 0x00000202eae36750 DEOPT UNPACKING pc=0x00000202d71046a2 sp=0x00000049241f8118 mode 2

Classes loaded (20 events):
Event: 52.580 Loading class java/util/stream/DoubleStream
Event: 52.580 Loading class java/util/stream/DoubleStream done
Event: 52.635 Loading class org/w3c/dom/Node
Event: 52.636 Loading class org/w3c/dom/Node done
Event: 52.636 Loading class org/w3c/dom/Document
Event: 52.637 Loading class org/w3c/dom/Document done
Event: 73.144 Loading class java/util/function/LongSupplier
Event: 73.144 Loading class java/util/function/LongSupplier done
Event: 836.960 Loading class java/time/Instant$1
Event: 836.964 Loading class java/time/Instant$1 done
Event: 837.027 Loading class java/util/concurrent/atomic/AtomicIntegerArray
Event: 837.028 Loading class java/util/concurrent/atomic/AtomicIntegerArray done
Event: 837.075 Loading class com/sun/crypto/provider/HmacCore$HmacSHA512
Event: 837.075 Loading class com/sun/crypto/provider/HmacCore$HmacSHA512 done
Event: 1765.946 Loading class sun/security/ssl/Alert
Event: 1765.981 Loading class sun/security/ssl/Alert done
Event: 1765.985 Loading class sun/security/ssl/Alert$AlertConsumer
Event: 1765.995 Loading class sun/security/ssl/Alert$AlertConsumer done
Event: 1765.995 Loading class sun/security/ssl/Alert$Level
Event: 1765.998 Loading class sun/security/ssl/Alert$Level done

Classes unloaded (20 events):
Event: 2100.402 Thread 0x00000202e518a170 Unloading class 0x000002028101b000 'java/lang/invoke/LambdaForm$MH+0x000002028101b000'
Event: 2100.402 Thread 0x00000202e518a170 Unloading class 0x000002028101a800 'java/lang/invoke/LambdaForm$MH+0x000002028101a800'
Event: 2100.403 Thread 0x00000202e518a170 Unloading class 0x000002028101a400 'java/lang/invoke/LambdaForm$MH+0x000002028101a400'
Event: 2100.403 Thread 0x00000202e518a170 Unloading class 0x0000020281019400 'java/lang/invoke/LambdaForm$MH+0x0000020281019400'
Event: 2100.403 Thread 0x00000202e518a170 Unloading class 0x0000020281018800 'java/lang/invoke/LambdaForm$MH+0x0000020281018800'
Event: 2100.403 Thread 0x00000202e518a170 Unloading class 0x0000020281018400 'java/lang/invoke/LambdaForm$MH+0x0000020281018400'
Event: 2100.403 Thread 0x00000202e518a170 Unloading class 0x0000020281017c00 'java/lang/invoke/LambdaForm$MH+0x0000020281017c00'
Event: 2100.403 Thread 0x00000202e518a170 Unloading class 0x0000020281017800 'java/lang/invoke/LambdaForm$MH+0x0000020281017800'
Event: 2100.403 Thread 0x00000202e518a170 Unloading class 0x0000020281017400 'java/lang/invoke/LambdaForm$MH+0x0000020281017400'
Event: 2100.403 Thread 0x00000202e518a170 Unloading class 0x0000020281016800 'java/lang/invoke/LambdaForm$MH+0x0000020281016800'
Event: 2100.403 Thread 0x00000202e518a170 Unloading class 0x0000020281015800 'java/lang/invoke/LambdaForm$MH+0x0000020281015800'
Event: 2100.403 Thread 0x00000202e518a170 Unloading class 0x0000020281014c00 'java/lang/invoke/LambdaForm$MH+0x0000020281014c00'
Event: 2100.403 Thread 0x00000202e518a170 Unloading class 0x0000020281014400 'java/lang/invoke/LambdaForm$MH+0x0000020281014400'
Event: 2100.403 Thread 0x00000202e518a170 Unloading class 0x0000020281002400 'java/lang/invoke/LambdaForm$MH+0x0000020281002400'
Event: 2100.403 Thread 0x00000202e518a170 Unloading class 0x0000020281002000 'java/lang/invoke/LambdaForm$MH+0x0000020281002000'
Event: 2100.403 Thread 0x00000202e518a170 Unloading class 0x0000020281001c00 'java/lang/invoke/LambdaForm$MH+0x0000020281001c00'
Event: 2100.403 Thread 0x00000202e518a170 Unloading class 0x0000020281001400 'java/lang/invoke/LambdaForm$MH+0x0000020281001400'
Event: 3291.385 Thread 0x00000202e518a170 Unloading class 0x00000202811ec000 'java/lang/invoke/LambdaForm$MH+0x00000202811ec000'
Event: 3291.385 Thread 0x00000202e518a170 Unloading class 0x00000202810bcc00 'java/lang/invoke/LambdaForm$MH+0x00000202810bcc00'
Event: 6354.983 Thread 0x00000202e518a170 Unloading class 0x0000020281bf4800 'java/lang/invoke/LambdaForm$MH+0x0000020281bf4800'

Classes redefined (0 events):
No events

Internal exceptions (20 events):
Event: 52.255 Thread 0x00000202eae36de0 Exception <a 'java/lang/NoSuchMethodError'{0x000000008d801378}: 'java.lang.Object java.lang.invoke.DirectMethodHandle$Holder.invokeStatic(java.lang.Object, int, int)'> (0x000000008d801378) 
thrown [s\open\src\hotspot\share\interpreter\linkResolver.cpp, line 773]
Event: 52.255 Thread 0x00000202eae38820 Exception <a 'java/lang/NoSuchMethodError'{0x000000008d95e910}: 'java.lang.Object java.lang.invoke.DirectMethodHandle$Holder.invokeStatic(java.lang.Object, int, int)'> (0x000000008d95e910) 
thrown [s\open\src\hotspot\share\interpreter\linkResolver.cpp, line 773]
Event: 52.501 Thread 0x00000202eae34d10 Exception <a 'java/lang/IncompatibleClassChangeError'{0x00000000913a0090}: Found class java.lang.Object, but interface was expected> (0x00000000913a0090) 
thrown [s\open\src\hotspot\share\interpreter\linkResolver.cpp, line 840]
Event: 52.528 Thread 0x00000202eae36de0 Exception <a 'java/lang/IncompatibleClassChangeError'{0x000000008f068090}: Found class java.lang.Object, but interface was expected> (0x000000008f068090) 
thrown [s\open\src\hotspot\share\interpreter\linkResolver.cpp, line 840]
Event: 52.571 Thread 0x00000202eae38190 Exception <a 'java/lang/IncompatibleClassChangeError'{0x000000008f0cfd20}: Found class java.lang.Object, but interface was expected> (0x000000008f0cfd20) 
thrown [s\open\src\hotspot\share\interpreter\linkResolver.cpp, line 840]
Event: 52.571 Thread 0x00000202eae332d0 Exception <a 'java/lang/IncompatibleClassChangeError'{0x000000008efa5da0}: Found class java.lang.Object, but interface was expected> (0x000000008efa5da0) 
thrown [s\open\src\hotspot\share\interpreter\linkResolver.cpp, line 840]
Event: 52.571 Thread 0x00000202eae353a0 Exception <a 'java/lang/IncompatibleClassChangeError'{0x000000008ef775a8}: Found class java.lang.Object, but interface was expected> (0x000000008ef775a8) 
thrown [s\open\src\hotspot\share\interpreter\linkResolver.cpp, line 840]
Event: 73.007 Thread 0x00000202eae353a0 Exception <a 'java/lang/NoSuchMethodError'{0x000000008e3e2128}: 'java.lang.Object java.lang.invoke.DirectMethodHandle$Holder.invokeVirtual(java.lang.Object, java.lang.Object, int, int)'> (0x000000008e3e2128) 
thrown [s\open\src\hotspot\share\interpreter\linkResolver.cpp, line 773]
Event: 73.009 Thread 0x00000202eae353a0 Exception <a 'java/lang/NoSuchMethodError'{0x000000008e3e65b8}: 'java.lang.Object java.lang.invoke.DirectMethodHandle$Holder.invokeSpecial(java.lang.Object, java.lang.Object, java.lang.Object, int, int)'> (0x000000008e3e65b8) 
thrown [s\open\src\hotspot\share\interpreter\linkResolver.cpp, line 773]
Event: 836.853 Thread 0x00000202eae38190 Implicit null exception at 0x00000202d7c9d21e to 0x00000202d7c9d550
Event: 1766.059 Thread 0x00000202eae34680 Implicit null exception at 0x00000202d7b47008 to 0x00000202d7b47d50
Event: 1766.138 Thread 0x00000202eae34680 Implicit null exception at 0x00000202d7b4524a to 0x00000202d7b454d0
Event: 1766.167 Thread 0x00000202eae34680 Implicit null exception at 0x00000202d7c73b54 to 0x00000202d7c747e4
Event: 1766.168 Thread 0x00000202eae34680 Implicit null exception at 0x00000202d7cc1d1f to 0x00000202d7cc23a4
Event: 1766.168 Thread 0x00000202eae34680 Implicit null exception at 0x00000202d7cc44f2 to 0x00000202d7cc4b64
Event: 2490.724 Thread 0x00000202eae38190 Implicit null exception at 0x00000202d7ac5bb4 to 0x00000202d7ac7d30
Event: 5389.334 Thread 0x00000202e5c9de50 Implicit null exception at 0x00000202d7ce4d4e to 0x00000202d7ce5014
Event: 5390.326 Thread 0x00000202e5c9de50 Implicit null exception at 0x00000202d7ce4d4e to 0x00000202d7ce5014
Event: 5391.333 Thread 0x00000202e5c9de50 Implicit null exception at 0x00000202d7ce4d4e to 0x00000202d7ce5014
Event: 5392.329 Thread 0x00000202e5c9de50 Implicit null exception at 0x00000202d7ce4d4e to 0x00000202d7ce5014

ZGC Phase Switch (0 events):
No events

VM Operations (20 events):
Event: 6354.980 Executing VM operation: G1PauseRemark
Event: 6355.335 Executing VM operation: G1PauseRemark done
Event: 6355.523 Executing VM operation: G1PauseCleanup
Event: 6355.534 Executing VM operation: G1PauseCleanup done
Event: 6373.956 Executing VM operation: HandshakeAllThreads (HandshakeForDeflation)
Event: 6373.956 Executing VM operation: HandshakeAllThreads (HandshakeForDeflation) done
Event: 6373.956 Executing VM operation: RendezvousGCThreads
Event: 6373.956 Executing VM operation: RendezvousGCThreads done
Event: 6640.185 Executing VM operation: Cleanup
Event: 6640.202 Executing VM operation: Cleanup done
Event: 6641.204 Executing VM operation: Cleanup
Event: 6641.204 Executing VM operation: Cleanup done
Event: 6642.208 Executing VM operation: Cleanup
Event: 6642.224 Executing VM operation: Cleanup done
Event: 6674.383 Executing VM operation: HandshakeAllThreads (HandshakeForDeflation)
Event: 6674.383 Executing VM operation: HandshakeAllThreads (HandshakeForDeflation) done
Event: 6674.383 Executing VM operation: RendezvousGCThreads
Event: 6674.383 Executing VM operation: RendezvousGCThreads done
Event: 6692.533 Executing VM operation: Cleanup
Event: 6692.534 Executing VM operation: Cleanup done

Events (20 events):
Event: 6355.329 Thread 0x00000202e518a170 flushing nmethod 0x00000202d0c9e910
Event: 6355.329 Thread 0x00000202e518a170 flushing nmethod 0x00000202d0ca6510
Event: 6355.329 Thread 0x00000202e518a170 flushing nmethod 0x00000202d0caa910
Event: 6355.329 Thread 0x00000202e518a170 flushing nmethod 0x00000202d7c75a10
Event: 6355.329 Thread 0x00000202e518a170 flushing nmethod 0x00000202cff2c610
Event: 6355.329 Thread 0x00000202e518a170 flushing nmethod 0x00000202d0059a90
Event: 6355.329 Thread 0x00000202e518a170 flushing nmethod 0x00000202d045e910
Event: 6355.329 Thread 0x00000202e518a170 flushing nmethod 0x00000202d065b990
Event: 6355.329 Thread 0x00000202e518a170 flushing nmethod 0x00000202d0673690
Event: 6355.329 Thread 0x00000202e518a170 flushing nmethod 0x00000202d08dba10
Event: 6355.330 Thread 0x00000202e518a170 flushing nmethod 0x00000202d092ad10
Event: 6355.330 Thread 0x00000202e518a170 flushing nmethod 0x00000202d0a09e90
Event: 6355.330 Thread 0x00000202e518a170 flushing nmethod 0x00000202d0ae8e10
Event: 6355.330 Thread 0x00000202e518a170 flushing nmethod 0x00000202d0bea190
Event: 6355.330 Thread 0x00000202e518a170 flushing nmethod 0x00000202d0c4dc10
Event: 6355.330 Thread 0x00000202e518a170 flushing nmethod 0x00000202d0c4ef10
Event: 6355.330 Thread 0x00000202e518a170 flushing nmethod 0x00000202d0c52390
Event: 6355.330 Thread 0x00000202e518a170 flushing nmethod 0x00000202d0ce9110
Event: 6361.657 Thread 0x00000202e53fd7c0 Thread exited: 0x00000202e53fd7c0
Event: 6692.293 Thread 0x00000202e53fd7c0 Thread added: 0x00000202e53fd7c0


Dynamic libraries:
0x00007ff6894c0000 - 0x00007ff6894d0000 	C:\Program Files\Java\jdk-21\bin\java.exe
0x00007ffc770b0000 - 0x00007ffc772c7000 	C:\WINDOWS\SYSTEM32\ntdll.dll
0x00007ffc74e90000 - 0x00007ffc74f54000 	C:\WINDOWS\System32\KERNEL32.DLL
0x00007ffc74630000 - 0x00007ffc74a03000 	C:\WINDOWS\System32\KERNELBASE.dll
0x00007ffc74bb0000 - 0x00007ffc74cc1000 	C:\WINDOWS\System32\ucrtbase.dll
0x00007ffc53410000 - 0x00007ffc5342b000 	C:\Program Files\Java\jdk-21\bin\VCRUNTIME140.dll
0x00007ffc533f0000 - 0x00007ffc53409000 	C:\Program Files\Java\jdk-21\bin\jli.dll
0x00007ffc74f60000 - 0x00007ffc75011000 	C:\WINDOWS\System32\ADVAPI32.dll
0x00007ffc76e10000 - 0x00007ffc76eb7000 	C:\WINDOWS\System32\msvcrt.dll
0x00007ffc74d70000 - 0x00007ffc74e18000 	C:\WINDOWS\System32\sechost.dll
0x00007ffc74a10000 - 0x00007ffc74a38000 	C:\WINDOWS\System32\bcrypt.dll
0x00007ffc75d90000 - 0x00007ffc75ea4000 	C:\WINDOWS\System32\RPCRT4.dll
0x00007ffc75100000 - 0x00007ffc752b1000 	C:\WINDOWS\System32\USER32.dll
0x00007ffc743a0000 - 0x00007ffc743c6000 	C:\WINDOWS\System32\win32u.dll
0x00007ffc73510000 - 0x00007ffc737a8000 	C:\WINDOWS\WinSxS\amd64_microsoft.windows.common-controls_6595b64144ccf1df_6.0.22621.5124_none_270e8f4f7386d69d\COMCTL32.dll
0x00007ffc76330000 - 0x00007ffc76359000 	C:\WINDOWS\System32\GDI32.dll
0x00007ffc74510000 - 0x00007ffc7462b000 	C:\WINDOWS\System32\gdi32full.dll
0x00007ffc74300000 - 0x00007ffc7439a000 	C:\WINDOWS\System32\msvcp_win.dll
0x00007ffc70810000 - 0x00007ffc7081a000 	C:\WINDOWS\SYSTEM32\VERSION.dll
0x00007ffc76480000 - 0x00007ffc764b1000 	C:\WINDOWS\System32\IMM32.DLL
0x00007ffc533e0000 - 0x00007ffc533ec000 	C:\Program Files\Java\jdk-21\bin\vcruntime140_1.dll
0x00007ffc53350000 - 0x00007ffc533de000 	C:\Program Files\Java\jdk-21\bin\msvcp140.dll
0x00007ffbe2f00000 - 0x00007ffbe3c1a000 	C:\Program Files\Java\jdk-21\bin\server\jvm.dll
0x00007ffc752e0000 - 0x00007ffc75351000 	C:\WINDOWS\System32\WS2_32.dll
0x00007ffc73a90000 - 0x00007ffc73add000 	C:\WINDOWS\SYSTEM32\POWRPROF.dll
0x00007ffc6c5d0000 - 0x00007ffc6c604000 	C:\WINDOWS\SYSTEM32\WINMM.dll
0x00007ffc739a0000 - 0x00007ffc739b3000 	C:\WINDOWS\SYSTEM32\UMPDC.dll
0x00007ffc72450000 - 0x00007ffc72468000 	C:\WINDOWS\SYSTEM32\kernel.appcore.dll
0x00007ffc53340000 - 0x00007ffc5334a000 	C:\Program Files\Java\jdk-21\bin\jimage.dll
0x00007ffc73b20000 - 0x00007ffc73d52000 	C:\WINDOWS\SYSTEM32\DBGHELP.DLL
0x00007ffc75360000 - 0x00007ffc756f2000 	C:\WINDOWS\System32\combase.dll
0x00007ffc75020000 - 0x00007ffc750f7000 	C:\WINDOWS\System32\OLEAUT32.dll
0x00007ffc739c0000 - 0x00007ffc739f2000 	C:\WINDOWS\SYSTEM32\dbgcore.DLL
0x00007ffc74cd0000 - 0x00007ffc74d4b000 	C:\WINDOWS\System32\bcryptPrimitives.dll
0x00007ffc2c630000 - 0x00007ffc2c63f000 	C:\Program Files\Java\jdk-21\bin\instrument.dll
0x00007ffc47c40000 - 0x00007ffc47c5f000 	C:\Program Files\Java\jdk-21\bin\java.dll
0x00007ffc764c0000 - 0x00007ffc76d56000 	C:\WINDOWS\System32\SHELL32.dll
0x00007ffc743d0000 - 0x00007ffc7450f000 	C:\WINDOWS\System32\wintypes.dll
0x00007ffc71180000 - 0x00007ffc71a9a000 	C:\WINDOWS\SYSTEM32\windows.storage.dll
0x00007ffc76370000 - 0x00007ffc7647a000 	C:\WINDOWS\System32\SHCORE.dll
0x00007ffc74e20000 - 0x00007ffc74e83000 	C:\WINDOWS\System32\shlwapi.dll
0x00007ffc740f0000 - 0x00007ffc7411b000 	C:\WINDOWS\SYSTEM32\profapi.dll
0x00007ffbec480000 - 0x00007ffbec557000 	C:\Program Files\Java\jdk-21\bin\jsvml.dll
0x00007ffc2c640000 - 0x00007ffc2c658000 	C:\Program Files\Java\jdk-21\bin\zip.dll
0x00007ffc50a90000 - 0x00007ffc50aa0000 	C:\Program Files\Java\jdk-21\bin\net.dll
0x00007ffc6ec30000 - 0x00007ffc6ed5c000 	C:\WINDOWS\SYSTEM32\WINHTTP.dll
0x00007ffc728c0000 - 0x00007ffc7292a000 	C:\WINDOWS\system32\mswsock.dll
0x00007ffc2c660000 - 0x00007ffc2c676000 	C:\Program Files\Java\jdk-21\bin\nio.dll
0x00007ffc28ec0000 - 0x00007ffc28eda000 	C:\Program Files\JetBrains\IntelliJ IDEA Community Edition 2024.3.3\bin\breakgen64.dll
0x00007ffc2c290000 - 0x00007ffc2c299000 	C:\Program Files\Java\jdk-21\bin\extnet.dll
0x00007ffc2c280000 - 0x00007ffc2c28a000 	C:\Program Files\Java\jdk-21\bin\management.dll
0x00007ffc2c270000 - 0x00007ffc2c27b000 	C:\Program Files\Java\jdk-21\bin\management_ext.dll
0x00007ffc752c0000 - 0x00007ffc752c8000 	C:\WINDOWS\System32\PSAPI.DLL
0x00007ffc2c620000 - 0x00007ffc2c62e000 	C:\Program Files\Java\jdk-21\bin\sunmscapi.dll
0x00007ffc74a40000 - 0x00007ffc74ba7000 	C:\WINDOWS\System32\CRYPT32.dll
0x00007ffc733f0000 - 0x00007ffc7341d000 	C:\WINDOWS\SYSTEM32\ncrypt.dll
0x00007ffc733b0000 - 0x00007ffc733e7000 	C:\WINDOWS\SYSTEM32\NTASN1.dll
0x00007ffc73e60000 - 0x00007ffc73e7b000 	C:\WINDOWS\SYSTEM32\CRYPTSP.dll
0x00007ffc723b0000 - 0x00007ffc723e7000 	C:\WINDOWS\system32\rsaenh.dll
0x00007ffc73260000 - 0x00007ffc73288000 	C:\WINDOWS\SYSTEM32\USERENV.dll
0x00007ffc73290000 - 0x00007ffc7329c000 	C:\WINDOWS\SYSTEM32\CRYPTBASE.dll
0x00007ffc71d70000 - 0x00007ffc71d9d000 	C:\WINDOWS\SYSTEM32\IPHLPAPI.DLL
0x00007ffc75f50000 - 0x00007ffc75f59000 	C:\WINDOWS\System32\NSI.dll
0x00007ffc71de0000 - 0x00007ffc71ee2000 	C:\WINDOWS\SYSTEM32\DNSAPI.dll
0x00007ffc6b1b0000 - 0x00007ffc6b1ba000 	C:\Windows\System32\rasadhlp.dll
0x00007ffc6ca40000 - 0x00007ffc6cac3000 	C:\WINDOWS\System32\fwpuclnt.dll
0x00007ffc2c260000 - 0x00007ffc2c270000 	C:\Program Files\Java\jdk-21\bin\verify.dll
0x00007ffc51430000 - 0x00007ffc51438000 	C:\WINDOWS\system32\wshunix.dll

dbghelp: loaded successfully - version: 4.0.5 - missing functions: none
symbol engine: initialized successfully - sym options: 0x614 - pdb path: .;C:\Program Files\Java\jdk-21\bin;C:\WINDOWS\SYSTEM32;C:\WINDOWS\WinSxS\amd64_microsoft.windows.common-controls_6595b64144ccf1df_6.0.22621.5124_none_270e8f4f7386d69d;C:\Program Files\Java\jdk-21\bin\server;C:\Program Files\JetBrains\IntelliJ IDEA Community Edition 2024.3.3\bin

VM Arguments:
jvm_args: -javaagent:C:\Program Files\JetBrains\IntelliJ IDEA Community Edition 2024.3.3\lib\idea_rt.jar=50555:C:\Program Files\JetBrains\IntelliJ IDEA Community Edition 2024.3.3\bin -Dfile.encoding=UTF-8 -Dsun.stdout.encoding=UTF-8 -Dsun.stderr.encoding=UTF-8 
java_command: com.minhnghia.datn.BookstoreTamAn.BookstoreTamAnApplication
java_class_path (initial): D:\DATN\Code\BookstoreTamAn\backend\BookstoreTamAn\target\classes;C:\Users\minhn\.m2\repository\org\springframework\boot\spring-boot-starter-data-jpa\3.4.3\spring-boot-starter-data-jpa-3.4.3.jar;C:\Users\minhn\.m2\repository\org\springframework\boot\spring-boot-starter\3.4.3\spring-boot-starter-3.4.3.jar;C:\Users\minhn\.m2\repository\org\springframework\boot\spring-boot-starter-logging\3.4.3\spring-boot-starter-logging-3.4.3.jar;C:\Users\minhn\.m2\repository\ch\qos\logback\logback-classic\1.5.16\logback-classic-1.5.16.jar;C:\Users\minhn\.m2\repository\ch\qos\logback\logback-core\1.5.16\logback-core-1.5.16.jar;C:\Users\minhn\.m2\repository\org\apache\logging\log4j\log4j-to-slf4j\2.24.3\log4j-to-slf4j-2.24.3.jar;C:\Users\minhn\.m2\repository\org\apache\logging\log4j\log4j-api\2.24.3\log4j-api-2.24.3.jar;C:\Users\minhn\.m2\repository\org\slf4j\jul-to-slf4j\2.0.16\jul-to-slf4j-2.0.16.jar;C:\Users\minhn\.m2\repository\jakarta\annotation\jakarta.annotation-api\2.1.1\jakarta.annotation-api-2.1.1.jar;C:\Users\minhn\.m2\repository\org\yaml\snakeyaml\2.3\snakeyaml-2.3.jar;C:\Users\minhn\.m2\repository\org\springframework\boot\spring-boot-starter-jdbc\3.4.3\spring-boot-starter-jdbc-3.4.3.jar;C:\Users\minhn\.m2\repository\com\zaxxer\HikariCP\5.1.0\HikariCP-5.1.0.jar;C:\Users\minhn\.m2\repository\org\springframework\spring-jdbc\6.2.3\spring-jdbc-6.2.3.jar;C:\Users\minhn\.m2\repository\org\hibernate\orm\hibernate-core\6.6.8.Final\hibernate-core-6.6.8.Final.jar;C:\Users\minhn\.m2\repository\jakarta\persistence\jakarta.persistence-api\3.1.0\jakarta.persistence-api-3.1.0.jar;C:\Users\minhn\.m2\repository\jakarta\transaction\jakarta.transaction-api\2.0.1\jakarta.transaction-api-2.0.1.jar;C:\Users\minhn\.m2\repository\org\jboss\logging\jboss-logging\3.6.1.Final\jboss-logging-3.6.1.Final.jar;C:\Users\minhn\.m2\repository\org\hibernate\common\hibernate-commons-annotations\7.0.3.Final\hibernate-commons-annotations-7.0.3.Final.jar;C:\Users\minhn\.m2\repository\io\smallrye\jandex\3.2.0\jandex-3.2.0.jar;C:\Users\minhn\.m2\repository\com\fasterxml\classmate\1.7.0\classmate-1.7.0.jar;C:\Users\minhn\.m2\repository\net\bytebuddy\byte-buddy\1.15.11\byte-buddy-1.15.11.jar;C:\Users\minhn\.m2\repository\org\glassfish\jaxb\jaxb-runtime\4.0.5\jaxb-runtime-4.0.5.jar;C:\Users\minhn\.m2\repository\org\glassfish\jaxb\jaxb-core\4.0.5\jaxb-core-4.0.5.jar;C:\Users\minhn\.m2\repository\org\eclipse\angus\angus-activation\2.0.2\angus-activation-2.0.2.jar;C:\Users\minhn\.m2\repository\org\glassfish\jaxb\txw2\4.0.5\txw2-4.0.5.jar;C:\Users\minhn\.m2\repository\com\sun\istack\istack-commons-runtime\4.1.2\istack-commons-runtime-4.1.2.jar;C:\Users\minhn\.m2\repository\jakarta\inject\jakarta.inject-api\2.0.1\jakarta.inject-api-2.0.1.jar;C:\Users\minhn\.m2\repository\org\antlr\antlr4-runtime\4.13.0\antlr4-runtime-4.13.0.jar;C:\Users\minhn\.m2\repository\org\springframework\data\spring-data-jpa\3.4.3\spring-data-jpa-3.4.3.jar;C:\Users\minhn\.m2\repository\org\springframework\data\spring-data-commons\3.4.3\spring-data-commons-3.4.3.jar;C:\Users\minhn\.m2\repository\org\springframework\spring-orm\6.2.3\spring-orm-6.2.3.jar;C:\Users\minhn\.m2\repository\org\springframework\spring-context\6.2.3\spring-context-6.2.3.jar;C:\Users\minhn\.m2\repository\org\springframework\spring-aop\6.2.3\spring-aop-6.2.3.jar;C:\Users\minhn\.m2\repository\org\springframework\spring-tx\6.2.3\spring-tx-6.2.3.jar;C:\Users\minhn\.m2\repository\org\springframework\spring-beans\6.2.3\spring-beans-6.2.3.jar;C:\Users\minhn\.m2\repository\org\slf4j\slf4j-api\2.0.16\slf4j-api-2.0.16.jar;C:\Users\minhn\.m2\repository\org\springframework\spring-aspects\6.2.3\spring-aspects-6.2.3.jar;C:\Users\minhn\.m2\repository\org\aspectj\aspectjweaver\1.9.22.1\aspectjweaver-1.9.22.1.jar;C:\Users\minhn\.m2\repository\org\springframework\boot\spring-boot-starter-web\3.4.3\spring-boot-starter-web-3.4.3.jar;C:\Users\minhn\.m2\repository\org\springframework\boot\spring-boot-starter-json\3.4.3\spring-boot-starter-json-3.4.3.jar;C:\Users\minhn\.m2\repository\com\fasterxml\jackson\core\jackson-databind\2.18.2\jackson-databind-2.18.2.jar;C:\Users\minhn\.m2\repository\com\fasterxml\jackson\core\jackson-annotations\2.18.2\jackson-annotations-2.18.2.jar;C:\Users\minhn\.m2\repository\com\fasterxml\jackson\core\jackson-core\2.18.2\jackson-core-2.18.2.jar;C:\Users\minhn\.m2\repository\com\fasterxml\jackson\datatype\jackson-datatype-jdk8\2.18.2\jackson-datatype-jdk8-2.18.2.jar;C:\Users\minhn\.m2\repository\com\fasterxml\jackson\datatype\jackson-datatype-jsr310\2.18.2\jackson-datatype-jsr310-2.18.2.jar;C:\Users\minhn\.m2\repository\com\fasterxml\jackson\module\jackson-module-parameter-names\2.18.2\jackson-module-parameter-names-2.18.2.jar;C:\Users\minhn\.m2\repository\org\springframework\boot\spring-boot-starter-tomcat\3.4.3\spring-boot-starter-tomcat-3.4.3.jar;C:\Users\minhn\.m2\repository\org\apache\tomcat\embed\tomcat-embed-core\10.1.36\tomcat-embed-core-10.1.36.jar;C:\Users\minhn\.m2\repository\org\apache\tomcat\embed\tomcat-embed-websocket\10.1.36\tomcat-embed-websocket-10.1.36.jar;C:\Users\minhn\.m2\repository\org\springframework\spring-web\6.2.3\spring-web-6.2.3.jar;C:\Users\minhn\.m2\repository\io\micrometer\micrometer-observation\1.14.4\micrometer-observation-1.14.4.jar;C:\Users\minhn\.m2\repository\io\micrometer\micrometer-commons\1.14.4\micrometer-commons-1.14.4.jar;C:\Users\minhn\.m2\repository\org\springframework\spring-webmvc\6.2.3\spring-webmvc-6.2.3.jar;C:\Users\minhn\.m2\repository\org\springframework\spring-expression\6.2.3\spring-expression-6.2.3.jar;C:\Users\minhn\.m2\repository\org\springframework\boot\spring-boot-starter-validation\3.3.3\spring-boot-starter-validation-3.3.3.jar;C:\Users\minhn\.m2\repository\org\apache\tomcat\embed\tomcat-embed-el\10.1.36\tomcat-embed-el-10.1.36.jar;C:\Users\minhn\.m2\repository\org\hibernate\validator\hibernate-validator\8.0.2.Final\hibernate-validator-8.0.2.Final.jar;C:\Users\minhn\.m2\repository\jakarta\validation\jakarta.validation-api\3.0.2\jakarta.validation-api-3.0.2.jar;C:\Users\minhn\.m2\repository\org\springframework\boot\spring-boot-devtools\3.4.3\spring-boot-devtools-3.4.3.jar;C:\Users\minhn\.m2\repository\org\springframework\boot\spring-boot\3.4.3\spring-boot-3.4.3.jar;C:\Users\minhn\.m2\repository\org\springframework\boot\spring-boot-autoconfigure\3.4.3\spring-boot-autoconfigure-3.4.3.jar;C:\Users\minhn\.m2\repository\com\mysql\mysql-connector-j\9.1.0\mysql-connector-j-9.1.0.jar;C:\Users\minhn\.m2\repository\org\projectlombok\lombok\1.18.36\lombok-1.18.36.jar;C:\Users\minhn\.m2\repository\jakarta\xml\bind\jakarta.xml.bind-api\4.0.2\jakarta.xml.bind-api-4.0.2.jar;C:\Users\minhn\.m2\repository\jakarta\activation\jakarta.activation-api\2.1.3\jakarta.activation-api-2.1.3.jar;C:\Users\minhn\.m2\repository\org\springframework\spring-core\6.2.3\spring-core-6.2.3.jar;C:\Users\minhn\.m2\repository\org\springframework\spring-jcl\6.2.3\spring-jcl-6.2.3.jar;C:\Users\minhn\.m2\repository\org\springframework\security\spring-security-crypto\6.4.3\spring-security-crypto-6.4.3.jar;C:\Users\minhn\.m2\repository\org\springframework\boot\spring-boot-starter-oauth2-resource-server\3.4.3\spring-boot-starter-oauth2-resource-server-3.4.3.jar;C:\Users\minhn\.m2\repository\org\springframework\security\spring-security-config\6.4.3\spring-security-config-6.4.3.jar;C:\Users\minhn\.m2\repository\org\springframework\security\spring-security-core\6.4.3\spring-security-core-6.4.3.jar;C:\Users\minhn\.m2\repository\org\springframework\security\spring-security-oauth2-resource-server\6.4.3\spring-security-oauth2-resource-server-6.4.3.jar;C:\Users\minhn\.m2\repository\org\springframework\security\spring-security-oauth2-core\6.4.3\spring-security-oauth2-core-6.4.3.jar;C:\Users\minhn\.m2\repository\org\springframework\security\spring-security-web\6.4.3\spring-security-web-6.4.3.jar;C:\Users\minhn\.m2\repository\org\springframework\security\spring-security-oauth2-jose\6.4.3\spring-security-oauth2-jose-6.4.3.jar;C:\Users\minhn\.m2\repository\com\nimbusds\nimbus-jose-jwt\9.37.3\nimbus-jose-jwt-9.37.3.jar;C:\Users\minhn\.m2\repository\com\github\stephenc\jcip\jcip-annotations\1.0-1\jcip-annotations-1.0-1.jar
Launcher Type: SUN_STANDARD

[Global flags]
     intx CICompilerCount                          = 12                                        {product} {ergonomic}
     uint ConcGCThreads                            = 3                                         {product} {ergonomic}
     uint G1ConcRefinementThreads                  = 13                                        {product} {ergonomic}
   size_t G1HeapRegionSize                         = 1048576                                   {product} {ergonomic}
    uintx GCDrainStackTargetSize                   = 64                                        {product} {ergonomic}
   size_t InitialHeapSize                          = 125829120                                 {product} {ergonomic}
   size_t MarkStackSize                            = 4194304                                   {product} {ergonomic}
   size_t MaxHeapSize                              = 1983905792                                {product} {ergonomic}
   size_t MaxNewSize                               = 1190133760                                {product} {ergonomic}
   size_t MinHeapDeltaBytes                        = 1048576                                   {product} {ergonomic}
   size_t MinHeapSize                              = 8388608                                   {product} {ergonomic}
    uintx NonNMethodCodeHeapSize                   = 7602480                                {pd product} {ergonomic}
    uintx NonProfiledCodeHeapSize                  = 122027880                              {pd product} {ergonomic}
    uintx ProfiledCodeHeapSize                     = 122027880                              {pd product} {ergonomic}
    uintx ReservedCodeCacheSize                    = 251658240                              {pd product} {ergonomic}
     bool SegmentedCodeCache                       = true                                      {product} {ergonomic}
   size_t SoftMaxHeapSize                          = 1983905792                             {manageable} {ergonomic}
     bool UseCompressedOops                        = true                           {product lp64_product} {ergonomic}
     bool UseG1GC                                  = true                                      {product} {ergonomic}
     bool UseLargePagesIndividualAllocation        = false                                  {pd product} {ergonomic}

Logging:
Log output configuration:
 #0: stdout all=warning uptime,level,tags foldmultilines=false
 #1: stderr all=off uptime,level,tags foldmultilines=false

Environment Variables:
PATH=C:\Program Files\Common Files\Oracle\Java\javapath;C:\WINDOWS\system32;C:\WINDOWS;C:\WINDOWS\System32\Wbem;C:\WINDOWS\System32\WindowsPowerShell\v1.0\;C:\WINDOWS\System32\OpenSSH\;C:\Program Files\Git\cmd;C:\Program Files\nodejs\;C:\Program Files\Docker\Docker\resources\bin;D:\Rasional\common;C:\Program Files\Microsoft SQL Server\110\Tools\Binn\;C:\Users\minhn\AppData\Local\Microsoft\WindowsApps;C:\Users\minhn\AppData\Local\Programs\Microsoft VS Code\bin;C:\Users\minhn\AppData\Roaming\npm
USERNAME=minhn
OS=Windows_NT
PROCESSOR_IDENTIFIER=AMD64 Family 23 Model 104 Stepping 1, AuthenticAMD
TMP=C:\Users\minhn\AppData\Local\Temp
TEMP=C:\Users\minhn\AppData\Local\Temp




Periodic native trim disabled

---------------  S Y S T E M  ---------------

OS:
 Windows 11 , 64 bit Build 22621 (10.0.22621.5124)
OS uptime: 0 days 1:56 hours
Hyper-V role detected

CPU: total 16 (initial active 16) (16 cores per cpu, 2 threads per core) family 23 model 104 stepping 1 microcode 0x0, cx8, cmov, fxsr, ht, mmx, 3dnowpref, sse, sse2, sse3, ssse3, sse4a, sse4.1, sse4.2, popcnt, lzcnt, tsc, tscinvbit, avx, avx2, aes, clmul, bmi1, bmi2, adx, sha, fma, vzeroupper, clflush, clflushopt, hv, rdtscp, rdpid, f16c
Processor Information for all 16 processors :
  Max Mhz: 1801, Current Mhz: 1801, Mhz Limit: 1801

Memory: 4k page, system-wide physical 7563M (330M free)
TotalPageFile size 31115M (AvailPageFile size 6M)
current process WorkingSet (physical memory assigned to process): 139M, peak: 311M
current process commit charge ("private bytes"): 395M, peak: 404M

vm_info: Java HotSpot(TM) 64-Bit Server VM (21.0.6+8-LTS-188) for windows-amd64 JRE (21.0.6+8-LTS-188), built on 2024-12-03T10:50:54Z by "mach5one" with MS VC++ 17.6 (VS2022)

END.
